0 verbose cli /usr/bin/node /usr/bin/npm
1 info using npm@11.4.0
2 info using node@v23.11.1
3 silly config load:file:/usr/lib/node_modules/npm/npmrc
4 silly config load:file:/home/julee/.npmrc
5 silly config load:file:/etc/npmrc
6 verbose title npm i pyright
7 verbose argv "i" "--global" "pyright"
8 verbose logfile logs-max:10 dir:/home/julee/.npm/_logs/2025-06-03T22_20_23_032Z-
9 verbose logfile /home/julee/.npm/_logs/2025-06-03T22_20_23_032Z-debug-0.log
10 silly packumentCache heap:4345298944 maxSize:1086324736 maxEntrySize:543162368
11 silly logfile done cleaning log files
12 silly idealTree buildDeps
13 silly fetch manifest pyright@*
14 silly packumentCache full:https://registry.npmjs.org/pyright cache-miss
15 http fetch GET 200 https://registry.npmjs.org/npm 197ms
16 http fetch GET 200 https://registry.npmjs.org/pyright 231ms (cache miss)
17 silly packumentCache full:https://registry.npmjs.org/pyright set size:undefined disposed:false
18 silly placeDep ROOT pyright@1.1.401 OK for:  want: *
19 silly fetch manifest fsevents@~2.3.3
20 silly packumentCache full:https://registry.npmjs.org/fsevents cache-miss
21 http fetch GET 200 https://registry.npmjs.org/fsevents 42ms (cache miss)
22 silly packumentCache full:https://registry.npmjs.org/fsevents set size:undefined disposed:false
23 silly placeDep node_modules/pyright fsevents@2.3.3 OK for: pyright@1.1.401 want: ~2.3.3
24 silly reify moves {}
25 verbose stack Error: EACCES: permission denied, mkdir '/usr/lib/node_modules/pyright'
25 verbose stack     at async mkdir (node:internal/fs/promises:853:10)
25 verbose stack     at async /usr/lib/node_modules/npm/node_modules/@npmcli/arborist/lib/arborist/reify.js:638:20
25 verbose stack     at async Promise.allSettled (index 0)
25 verbose stack     at async [reifyPackages] (/usr/lib/node_modules/npm/node_modules/@npmcli/arborist/lib/arborist/reify.js:336:11)
25 verbose stack     at async Arborist.reify (/usr/lib/node_modules/npm/node_modules/@npmcli/arborist/lib/arborist/reify.js:141:5)
25 verbose stack     at async Install.exec (/usr/lib/node_modules/npm/lib/commands/install.js:149:5)
25 verbose stack     at async Npm.exec (/usr/lib/node_modules/npm/lib/npm.js:208:9)
25 verbose stack     at async module.exports (/usr/lib/node_modules/npm/lib/cli/entry.js:67:5)
26 error code EACCES
27 error syscall mkdir
28 error path /usr/lib/node_modules/pyright
29 error errno -13
30 error Error: EACCES: permission denied, mkdir '/usr/lib/node_modules/pyright'
30 error     at async mkdir (node:internal/fs/promises:853:10)
30 error     at async /usr/lib/node_modules/npm/node_modules/@npmcli/arborist/lib/arborist/reify.js:638:20
30 error     at async Promise.allSettled (index 0)
30 error     at async [reifyPackages] (/usr/lib/node_modules/npm/node_modules/@npmcli/arborist/lib/arborist/reify.js:336:11)
30 error     at async Arborist.reify (/usr/lib/node_modules/npm/node_modules/@npmcli/arborist/lib/arborist/reify.js:141:5)
30 error     at async Install.exec (/usr/lib/node_modules/npm/lib/commands/install.js:149:5)
30 error     at async Npm.exec (/usr/lib/node_modules/npm/lib/npm.js:208:9)
30 error     at async module.exports (/usr/lib/node_modules/npm/lib/cli/entry.js:67:5) {
30 error   errno: -13,
30 error   code: 'EACCES',
30 error   syscall: 'mkdir',
30 error   path: '/usr/lib/node_modules/pyright'
30 error }
31 error
31 error The operation was rejected by your operating system.
31 error It is likely you do not have the permissions to access this file as the current user
31 error
31 error If you believe this might be a permissions issue, please double-check the
31 error permissions of the file and its containing directories, or try running
31 error the command again as root/Administrator.
32 silly unfinished npm timer reify 1748989223283
33 silly unfinished npm timer reify:createSparse 1748989223630
34 verbose cwd /home/julee
35 verbose os Linux 6.14.6-arch1-1
36 verbose node v23.11.1
37 verbose npm  v11.4.0
38 notice
38 notice New [36mpatch[39m version of npm available! [36m11.4.0[39m -> [34m11.4.1[39m
38 notice Changelog: [34mhttps://github.com/npm/cli/releases/tag/v11.4.1[39m
38 notice To update run: [4mnpm install -g npm@11.4.1[24m
38 notice  { force: true, [Symbol(proc-log.meta)]: true }
39 verbose exit -13
40 verbose code -13
41 error A complete log of this run can be found in: /home/julee/.npm/_logs/2025-06-03T22_20_23_032Z-debug-0.log
