[12:27:41.092][info] [#0:/home/julee/.config/coc/extensions/coc-lua-data/lua-language-server/main.lua:68]: Lua Lsp startup, root: 	/home/julee/.config/coc/extensions/coc-lua-data/lua-language-server
[12:27:41.092][info] [#0:/home/julee/.config/coc/extensions/coc-lua-data/lua-language-server/main.lua:69]: ROOT:	/home/julee/.config/coc/extensions/coc-lua-data/lua-language-server
[12:27:41.092][info] [#0:/home/julee/.config/coc/extensions/coc-lua-data/lua-language-server/main.lua:70]: LOGPATH:	/home/julee/.config/coc/extensions/coc-lua-data/lua-language-server/log
[12:27:41.092][info] [#0:/home/julee/.config/coc/extensions/coc-lua-data/lua-language-server/main.lua:71]: METAPATH:	/home/julee/.config/coc/extensions/coc-lua-data/lua-language-server/meta
[12:27:41.093][info] [#0:/home/julee/.config/coc/extensions/coc-lua-data/lua-language-server/main.lua:72]: VERSION:	3.14.0
[12:27:41.120][info] [#0:script/proto/proto.lua:260]: Listen Mode: stdio
[12:27:41.120][info] [#0:script/service/service.lua:145]: 
========= Medical Examination Report =========
    --------------- Memory ---------------
        Total: 2.263 MB
        # 00 : 2.263 MB
        # 01 : 0.000 MB
        # 02 : 0.000 MB
        # 03 : 0.000 MB
        # 04 : 0.000 MB
    --------------- Coroutine ---------------
        Total:     0
        Running:   0
        Suspended: 0
        Normal:    0
        Dead:      0
    --------------- Cache ---------------
        Total: 1
        Dead:  0
    ---------------  RPC  ---------------
        Holdon:   0
        Waiting:  0
==============================================
[12:27:41.227][info] [#0:script/client.lua:657]: Client init	{
  capabilities = {
    general = {
      markdown = {
        parser = "marked",
        version = "7.0.5"
      },
      positionEncodings = { "utf-16" },
      regularExpressions = {
        engine = "ECMAScript",
        version = "ES2020"
      },
      staleRequestSupport = {
        cancel = true,
        retryOnContentModified = { "textDocument/inlayHint", "textDocument/semanticTokens/full", "textDocument/semanticTokens/range", "textDocument/semanticTokens/full/delta" }
      }
    },
    textDocument = {
      callHierarchy = {
        dynamicRegistration = true
      },
      codeAction = {
        codeActionLiteralSupport = {
          codeActionKind = {
            valueSet = { "", "quickfix", "refactor", "refactor.extract", "refactor.inline", "refactor.rewrite", "source", "source.organizeImports" }
          }
        },
        dataSupport = true,
        disabledSupport = true,
        dynamicRegistration = true,
        honorsChangeAnnotations = false,
        isPreferredSupport = true,
        resolveSupport = {
          properties = { "edit" }
        }
      },
      codeLens = {
        dynamicRegistration = true
      },
      colorProvider = {
        dynamicRegistration = true
      },
      completion = {
        completionItem = {
          commitCharactersSupport = true,
          deprecatedSupport = true,
          documentationFormat = { "markdown", "plaintext" },
          insertReplaceSupport = true,
          insertTextModeSupport = {
            valueSet = { 1, 2 }
          },
          labelDetailsSupport = true,
          preselectSupport = true,
          resolveSupport = {
            properties = { "documentation", "detail", "additionalTextEdits" }
          },
          snippetSupport = true,
          tagSupport = {
            valueSet = { 1 }
          }
        },
        completionItemKind = {
          valueSet = { 1, 2, 3, 4, 5, 6, 7, 8, 9, 10, 11, 12, 13, 14, 15, 16, 17, 18, 19, 20, 21, 22, 23, 24, 25 }
        },
        completionList = {
          itemDefaults = { "commitCharacters", "editRange", "insertTextFormat", "insertTextMode" }
        },
        contextSupport = true,
        dynamicRegistration = true,
        insertTextMode = 2
      },
      declaration = {
        dynamicRegistration = true,
        linkSupport = true
      },
      definition = {
        dynamicRegistration = true,
        linkSupport = true
      },
      diagnostic = {
        codeDescriptionSupport = true,
        dataSupport = true,
        dynamicRegistration = true,
        relatedDocumentSupport = true,
        relatedInformation = true,
        tagSupport = {
          valueSet = { 1, 2 }
        }
      },
      documentHighlight = {
        dynamicRegistration = true
      },
      documentLink = {
        dynamicRegistration = true,
        tooltipSupport = true
      },
      documentSymbol = {
        dynamicRegistration = true,
        hierarchicalDocumentSymbolSupport = true,
        labelSupport = true,
        symbolKind = {
          valueSet = { 1, 2, 3, 4, 5, 6, 7, 8, 9, 10, 11, 12, 13, 14, 15, 16, 17, 18, 19, 20, 21, 22, 23, 24, 25, 26 }
        },
        tagSupport = {
          valueSet = { 1 }
        }
      },
      filters = {
        relativePatternSupport = true
      },
      foldingRange = {
        dynamicRegistration = true,
        foldingRange = {
          collapsedText = false
        },
        foldingRangeKind = {
          valueSet = { "comment", "imports", "region" }
        },
        lineFoldingOnly = true,
        rangeLimit = 5000
      },
      formatting = {
        dynamicRegistration = true
      },
      hover = {
        contentFormat = { "markdown", "plaintext" },
        dynamicRegistration = true
      },
      implementation = {
        dynamicRegistration = true,
        linkSupport = true
      },
      inlayHint = {
        dynamicRegistration = true,
        resolveSupport = {
          properties = { "tooltip", "textEdits", "label.tooltip", "label.location", "label.command" }
        }
      },
      inlineCompletion = {
        dynamicRegistration = true
      },
      inlineValue = {
        dynamicRegistration = true
      },
      linkedEditingRange = {
        dynamicRegistration = true
      },
      onTypeFormatting = {
        dynamicRegistration = true
      },
      publishDiagnostics = {
        codeDescriptionSupport = true,
        dataSupport = true,
        relatedInformation = true,
        tagSupport = {
          valueSet = { 1, 2 }
        },
        versionSupport = true
      },
      rangeFormatting = {
        dynamicRegistration = true
      },
      references = {
        dynamicRegistration = true
      },
      rename = {
        dynamicRegistration = true,
        honorsChangeAnnotations = true,
        prepareSupport = true,
        prepareSupportDefaultBehavior = 1
      },
      selectionRange = {
        dynamicRegistration = true
      },
      semanticTokens = {
        augmentsSyntaxTokens = true,
        dynamicRegistration = true,
        formats = { "relative" },
        multilineTokenSupport = false,
        overlappingTokenSupport = false,
        requests = {
          full = {
            delta = true
          },
          range = true
        },
        serverCancelSupport = true,
        tokenModifiers = { "declaration", "definition", "readonly", "static", "deprecated", "abstract", "async", "modification", "documentation", "defaultLibrary" },
        tokenTypes = { "namespace", "type", "class", "enum", "interface", "struct", "typeParameter", "parameter", "variable", "property", "enumMember", "event", "function", "method", "macro", "keyword", "modifier", "comment", "string", "number", "regexp", "decorator", "operator" }
      },
      signatureHelp = {
        contextSupport = true,
        dynamicRegistration = true,
        signatureInformation = {
          activeParameterSupport = true,
          documentationFormat = { "markdown", "plaintext" },
          parameterInformation = {
            labelOffsetSupport = true
          }
        }
      },
      synchronization = {
        didSave = true,
        dynamicRegistration = true,
        willSave = true,
        willSaveWaitUntil = true
      },
      typeDefinition = {
        dynamicRegistration = true,
        linkSupport = true
      },
      typeHierarchy = {
        dynamicRegistration = true
      }
    },
    window = {
      showDocument = {
        support = true
      },
      showMessage = {
        messageActionItem = {
          additionalPropertiesSupport = true
        }
      },
      workDoneProgress = true
    },
    workspace = {
      applyEdit = true,
      codeLens = {
        refreshSupport = true
      },
      configuration = true,
      diagnostics = {
        refreshSupport = true
      },
      didChangeConfiguration = {
        dynamicRegistration = true
      },
      didChangeWatchedFiles = {
        dynamicRegistration = true,
        relativePatternSupport = true
      },
      executeCommand = {
        dynamicRegistration = true
      },
      fileOperations = {
        didCreate = true,
        didDelete = true,
        didRename = true,
        dynamicRegistration = true,
        willCreate = true,
        willDelete = true,
        willRename = true
      },
      inlayHint = {
        refreshSupport = true
      },
      inlineValue = {
        refreshSupport = true
      },
      semanticTokens = {
        refreshSupport = true
      },
      symbol = {
        dynamicRegistration = true,
        resolveSupport = {
          properties = { "location.range" }
        },
        symbolKind = {
          valueSet = { 1, 2, 3, 4, 5, 6, 7, 8, 9, 10, 11, 12, 13, 14, 15, 16, 17, 18, 19, 20, 21, 22, 23, 24, 25, 26 }
        },
        tagSupport = {
          valueSet = { 1 }
        }
      },
      textDocumentContent = {
        dynamicRegistration = true
      },
      workspaceEdit = {
        changeAnnotationSupport = {
          groupsOnLabel = false
        },
        documentChanges = true,
        failureHandling = "undo",
        metadataSupport = true,
        normalizesLineEndings = true,
        resourceOperations = { "create", "rename", "delete" },
        snippetEditSupport = true
      },
      workspaceFolders = true
    }
  },
  clientInfo = {
    name = "coc.nvim",
    version = "0.0.82"
  },
  initializationOptions = {
    changeConfiguration = true
  },
  locale = "en_US",
  processId = 4875,
  rootPath = "/home/julee/.config/nvim",
  rootUri = "file:///home/julee/.config/nvim",
  trace = "off",
  workDoneToken = "1b03aa8b-eb23-4d75-86d3-a19b63f6bad6",
  workspaceFolders = { {
      name = "nvim",
      uri = "file:///home/julee/.config/nvim"
    } }
}
[12:27:41.228][info] [#0:script/language.lua:137]: VSC language: en_US
[12:27:41.228][info] [#0:script/language.lua:138]: LS  language: en-us
[12:27:41.228][info] [#0:script/workspace/workspace.lua:38]: Workspace init root: 	file:///home/julee/.config/nvim
[12:27:41.228][info] [#0:script/workspace/workspace.lua:42]: Log path: 	/home/julee/.config/coc/extensions/coc-lua-data/lua-language-server/log/file_home_julee_.config_nvim.log
[12:27:41.229][info] [#0:script/workspace/workspace.lua:48]: Workspace create: 	file:///home/julee/.config/nvim
[12:27:41.536][info] [#0:script/provider/provider.lua:49]: Load config from client	file:///home/julee/.config/nvim
[12:27:41.537][info] [#0:script/provider/provider.lua:50]: {
  Lua = {
    addonManager = {
      enable = true
    },
    codeLens = {
      enable = false
    },
    completion = {
      autoRequire = true,
      callSnippet = "Disable",
      displayContext = 0,
      enable = true,
      keywordSnippet = "Replace",
      postfix = "@",
      requireSeparator = ".",
      showParams = true,
      showWord = "Fallback",
      workspaceWord = true
    },
    diagnostics = {
      disable = {},
      disableScheme = { "git" },
      enable = true,
      globals = {},
      ignoredFiles = "Opened",
      libraryFiles = "Opened",
      unusedLocalExclude = {},
      workspaceDelay = 3000,
      workspaceEvent = "OnSave",
      workspaceRate = 100
    },
    doc = {
      packageName = {},
      privateName = {},
      protectedName = {}
    },
    format = {
      defaultConfig = {},
      enable = true
    },
    hint = {
      arrayIndex = "Auto",
      await = true,
      enable = false,
      paramName = "All",
      paramType = true,
      semicolon = "SameLine",
      setType = false
    },
    hover = {
      enable = true,
      enumsLimit = 5,
      expandAlias = true,
      previewFields = 50,
      viewNumber = true,
      viewString = true,
      viewStringMax = 1000
    },
    misc = {
      executablePath = "",
      parameters = {}
    },
    runtime = {
      fileEncoding = "utf8",
      meta = "${version} ${language} ${encoding}",
      nonstandardSymbol = {},
      path = { "?.lua", "?/init.lua" },
      pathStrict = false,
      plugin = "",
      pluginArgs = {},
      special = {},
      unicodeName = false,
      version = "Lua 5.4"
    },
    semantic = {
      annotation = true,
      enable = true,
      keyword = false,
      variable = true
    },
    signatureHelp = {
      enable = true
    },
    spell = {
      dict = {}
    },
    type = {
      castNumberToInteger = true,
      weakNilCheck = false,
      weakUnionCheck = false
    },
    window = {
      progressBar = true,
      statusBar = true
    },
    workspace = {
      checkThirdParty = true,
      ignoreDir = { ".vscode" },
      ignoreSubmodules = true,
      library = {},
      maxPreload = 5000,
      preloadFileSize = 500,
      useGitIgnore = true,
      userThirdParty = {}
    }
  }
}
[12:27:41.639][info] [#0:script/provider/completion.lua:43]: Enable completion.
[12:27:41.639][info] [#0:script/provider/provider.lua:65]: Load config from client	fallback
[12:27:41.640][info] [#0:script/provider/provider.lua:66]: {
  Lua = {
    addonManager = {
      enable = true
    },
    codeLens = {
      enable = false
    },
    completion = {
      autoRequire = true,
      callSnippet = "Disable",
      displayContext = 0,
      enable = true,
      keywordSnippet = "Replace",
      postfix = "@",
      requireSeparator = ".",
      showParams = true,
      showWord = "Fallback",
      workspaceWord = true
    },
    diagnostics = {
      disable = {},
      disableScheme = { "git" },
      enable = true,
      globals = {},
      ignoredFiles = "Opened",
      libraryFiles = "Opened",
      unusedLocalExclude = {},
      workspaceDelay = 3000,
      workspaceEvent = "OnSave",
      workspaceRate = 100
    },
    doc = {
      packageName = {},
      privateName = {},
      protectedName = {}
    },
    format = {
      defaultConfig = {},
      enable = true
    },
    hint = {
      arrayIndex = "Auto",
      await = true,
      enable = false,
      paramName = "All",
      paramType = true,
      semicolon = "SameLine",
      setType = false
    },
    hover = {
      enable = true,
      enumsLimit = 5,
      expandAlias = true,
      previewFields = 50,
      viewNumber = true,
      viewString = true,
      viewStringMax = 1000
    },
    misc = {
      executablePath = "",
      parameters = {}
    },
    runtime = {
      fileEncoding = "utf8",
      meta = "${version} ${language} ${encoding}",
      nonstandardSymbol = {},
      path = { "?.lua", "?/init.lua" },
      pathStrict = false,
      plugin = "",
      pluginArgs = {},
      special = {},
      unicodeName = false,
      version = "Lua 5.4"
    },
    semantic = {
      annotation = true,
      enable = true,
      keyword = false,
      variable = true
    },
    signatureHelp = {
      enable = true
    },
    spell = {
      dict = {}
    },
    type = {
      castNumberToInteger = true,
      weakNilCheck = false,
      weakUnionCheck = false
    },
    window = {
      progressBar = true,
      statusBar = true
    },
    workspace = {
      checkThirdParty = true,
      ignoreDir = { ".vscode" },
      ignoreSubmodules = true,
      library = {},
      maxPreload = 5000,
      preloadFileSize = 500,
      useGitIgnore = true,
      userThirdParty = {}
    }
  }
}
[12:27:41.878][info] [#0:script/plugin.lua:125]: plugin path:	/home/julee/.config/nvim
[12:27:41.878][warn] [#0:script/plugin.lua:140]: plugin not found:	/home/julee/.config/nvim
[12:27:41.879][info] [#0:script/library.lua:212]: Init builtin library at:	file:///home/julee/.config/nvim
[12:27:41.901][info] [#0:script/library.lua:212]: Init builtin library at:	nil
[12:27:42.015][info] [#0:script/workspace/workspace.lua:324]: Preload start:	file:///home/julee/.config/nvim
[12:27:42.022][info] [#0:script/workspace/workspace.lua:330]: Scan files at:	file:///home/julee/.config/nvim
[12:27:42.025][info] [#0:script/workspace/workspace.lua:324]: Preload start:	<fallback>
[12:27:42.038][info] [#0:script/workspace/workspace.lua:353]: Scan library at:	file:///home/julee/.config/coc/extensions/coc-lua-data/lua-language-server/meta/Lua%205.4%20en-us%20utf8/table.lua
[12:27:42.039][info] [#0:script/workspace/workspace.lua:353]: Scan library at:	file:///home/julee/.config/coc/extensions/coc-lua-data/lua-language-server/meta/Lua%205.4%20en-us%20utf8/utf8.lua
[12:27:42.040][info] [#0:script/workspace/workspace.lua:353]: Scan library at:	file:///home/julee/.config/coc/extensions/coc-lua-data/lua-language-server/meta/Lua%205.4%20en-us%20utf8/basic.lua
[12:27:42.040][info] [#0:script/workspace/workspace.lua:353]: Scan library at:	file:///home/julee/.config/coc/extensions/coc-lua-data/lua-language-server/meta/Lua%205.4%20en-us%20utf8/string.lua
[12:27:42.041][info] [#0:script/workspace/workspace.lua:353]: Scan library at:	file:///home/julee/.config/coc/extensions/coc-lua-data/lua-language-server/meta/Lua%205.4%20en-us%20utf8/math.lua
[12:27:42.042][info] [#0:script/workspace/workspace.lua:353]: Scan library at:	file:///home/julee/.config/coc/extensions/coc-lua-data/lua-language-server/meta/Lua%205.4%20en-us%20utf8/io.lua
[12:27:42.043][info] [#0:script/workspace/workspace.lua:353]: Scan library at:	file:///home/julee/.config/coc/extensions/coc-lua-data/lua-language-server/meta/Lua%205.4%20en-us%20utf8/debug.lua
[12:27:42.044][info] [#0:script/workspace/workspace.lua:353]: Scan library at:	file:///home/julee/.config/coc/extensions/coc-lua-data/lua-language-server/meta/Lua%205.4%20en-us%20utf8/os.lua
[12:27:42.045][info] [#0:script/workspace/workspace.lua:353]: Scan library at:	file:///home/julee/.config/coc/extensions/coc-lua-data/lua-language-server/meta/Lua%205.4%20en-us%20utf8/builtin.lua
[12:27:42.045][info] [#0:script/workspace/workspace.lua:353]: Scan library at:	file:///home/julee/.config/coc/extensions/coc-lua-data/lua-language-server/meta/Lua%205.4%20en-us%20utf8/package.lua
[12:27:42.046][info] [#0:script/workspace/workspace.lua:353]: Scan library at:	file:///home/julee/.config/coc/extensions/coc-lua-data/lua-language-server/meta/Lua%205.4%20en-us%20utf8/coroutine.lua
[12:27:42.049][info] [#0:script/workspace/workspace.lua:353]: Scan library at:	file:///home/julee/.config/coc/extensions/coc-lua-data/lua-language-server/meta/Lua%205.4%20en-us%20utf8/table.lua
[12:27:42.049][info] [#0:script/workspace/workspace.lua:353]: Scan library at:	file:///home/julee/.config/coc/extensions/coc-lua-data/lua-language-server/meta/Lua%205.4%20en-us%20utf8/utf8.lua
[12:27:42.050][info] [#0:script/workspace/workspace.lua:353]: Scan library at:	file:///home/julee/.config/coc/extensions/coc-lua-data/lua-language-server/meta/Lua%205.4%20en-us%20utf8/basic.lua
[12:27:42.050][info] [#0:script/workspace/workspace.lua:353]: Scan library at:	file:///home/julee/.config/coc/extensions/coc-lua-data/lua-language-server/meta/Lua%205.4%20en-us%20utf8/string.lua
[12:27:42.050][info] [#0:script/workspace/workspace.lua:353]: Scan library at:	file:///home/julee/.config/coc/extensions/coc-lua-data/lua-language-server/meta/Lua%205.4%20en-us%20utf8/math.lua
[12:27:42.051][info] [#0:script/workspace/workspace.lua:353]: Scan library at:	file:///home/julee/.config/coc/extensions/coc-lua-data/lua-language-server/meta/Lua%205.4%20en-us%20utf8/io.lua
[12:27:42.051][info] [#0:script/workspace/workspace.lua:353]: Scan library at:	file:///home/julee/.config/coc/extensions/coc-lua-data/lua-language-server/meta/Lua%205.4%20en-us%20utf8/debug.lua
[12:27:42.052][info] [#0:script/workspace/workspace.lua:353]: Scan library at:	file:///home/julee/.config/coc/extensions/coc-lua-data/lua-language-server/meta/Lua%205.4%20en-us%20utf8/os.lua
[12:27:42.052][info] [#0:script/workspace/workspace.lua:353]: Scan library at:	file:///home/julee/.config/coc/extensions/coc-lua-data/lua-language-server/meta/Lua%205.4%20en-us%20utf8/builtin.lua
[12:27:42.052][info] [#0:script/workspace/workspace.lua:353]: Scan library at:	file:///home/julee/.config/coc/extensions/coc-lua-data/lua-language-server/meta/Lua%205.4%20en-us%20utf8/package.lua
[12:27:42.053][info] [#0:script/workspace/workspace.lua:353]: Scan library at:	file:///home/julee/.config/coc/extensions/coc-lua-data/lua-language-server/meta/Lua%205.4%20en-us%20utf8/coroutine.lua
[12:27:42.154][info] [#0:script/workspace/workspace.lua:379]: Found 11 files at:	<fallback>
[12:27:42.154][info] [#0:script/workspace/loading.lua:160]: Load files from disk:	<fallback>
[12:27:42.154][info] [#0:script/workspace/workspace.lua:379]: Found 30 files at:	file:///home/julee/.config/nvim
[12:27:42.154][info] [#0:script/workspace/loading.lua:160]: Load files from disk:	file:///home/julee/.config/nvim
[12:27:42.157][info] [#0:script/workspace/loading.lua:88]: Skip loaded file: file:///home/julee/.config/nvim/lua/julee/packer.lua
[12:27:42.159][info] [#0:script/workspace/loading.lua:100]: Preload file at: file:///home/julee/.config/coc/extensions/coc-lua-data/lua-language-server/meta/Lua%205.4%20en-us%20utf8/coroutine.lua , size = 2.590 KB
[12:27:42.162][info] [#0:script/workspace/loading.lua:112]: ++++As library of:	file:///home/julee/.config/coc/extensions/coc-lua-data/lua-language-server/meta/Lua%205.4%20en-us%20utf8/coroutine.lua
[12:27:42.162][info] [#0:script/workspace/loading.lua:97]: Skip loaded file: file:///home/julee/.config/coc/extensions/coc-lua-data/lua-language-server/meta/Lua%205.4%20en-us%20utf8/coroutine.lua
[12:27:42.162][info] [#0:script/workspace/loading.lua:100]: Preload file at: file:///home/julee/.config/coc/extensions/coc-lua-data/lua-language-server/meta/Lua%205.4%20en-us%20utf8/package.lua , size = 2.944 KB
[12:27:42.164][info] [#0:script/workspace/loading.lua:112]: ++++As library of:	file:///home/julee/.config/coc/extensions/coc-lua-data/lua-language-server/meta/Lua%205.4%20en-us%20utf8/package.lua
[12:27:42.164][info] [#0:script/workspace/loading.lua:97]: Skip loaded file: file:///home/julee/.config/coc/extensions/coc-lua-data/lua-language-server/meta/Lua%205.4%20en-us%20utf8/package.lua
[12:27:42.164][info] [#0:script/workspace/loading.lua:100]: Preload file at: file:///home/julee/.config/coc/extensions/coc-lua-data/lua-language-server/meta/Lua%205.4%20en-us%20utf8/builtin.lua , size = 0.302 KB
[12:27:42.165][info] [#0:script/workspace/loading.lua:112]: ++++As library of:	file:///home/julee/.config/coc/extensions/coc-lua-data/lua-language-server/meta/Lua%205.4%20en-us%20utf8/builtin.lua
[12:27:42.165][info] [#0:script/workspace/loading.lua:97]: Skip loaded file: file:///home/julee/.config/coc/extensions/coc-lua-data/lua-language-server/meta/Lua%205.4%20en-us%20utf8/builtin.lua
[12:27:42.165][info] [#0:script/workspace/loading.lua:100]: Preload file at: file:///home/julee/.config/coc/extensions/coc-lua-data/lua-language-server/meta/Lua%205.4%20en-us%20utf8/os.lua , size = 5.611 KB
[12:27:42.172][info] [#0:script/workspace/loading.lua:112]: ++++As library of:	file:///home/julee/.config/coc/extensions/coc-lua-data/lua-language-server/meta/Lua%205.4%20en-us%20utf8/os.lua
[12:27:42.172][info] [#0:script/workspace/loading.lua:97]: Skip loaded file: file:///home/julee/.config/coc/extensions/coc-lua-data/lua-language-server/meta/Lua%205.4%20en-us%20utf8/os.lua
[12:27:42.172][info] [#0:script/workspace/loading.lua:100]: Preload file at: file:///home/julee/.config/coc/extensions/coc-lua-data/lua-language-server/meta/Lua%205.4%20en-us%20utf8/debug.lua , size = 7.637 KB
[12:27:42.179][info] [#0:script/workspace/loading.lua:112]: ++++As library of:	file:///home/julee/.config/coc/extensions/coc-lua-data/lua-language-server/meta/Lua%205.4%20en-us%20utf8/debug.lua
[12:27:42.179][info] [#0:script/workspace/loading.lua:97]: Skip loaded file: file:///home/julee/.config/coc/extensions/coc-lua-data/lua-language-server/meta/Lua%205.4%20en-us%20utf8/debug.lua
[12:27:42.179][info] [#0:script/workspace/loading.lua:100]: Preload file at: file:///home/julee/.config/coc/extensions/coc-lua-data/lua-language-server/meta/Lua%205.4%20en-us%20utf8/io.lua , size = 6.364 KB
[12:27:42.186][info] [#0:script/workspace/loading.lua:112]: ++++As library of:	file:///home/julee/.config/coc/extensions/coc-lua-data/lua-language-server/meta/Lua%205.4%20en-us%20utf8/io.lua
[12:27:42.186][info] [#0:script/workspace/loading.lua:97]: Skip loaded file: file:///home/julee/.config/coc/extensions/coc-lua-data/lua-language-server/meta/Lua%205.4%20en-us%20utf8/io.lua
[12:27:42.186][info] [#0:script/workspace/loading.lua:100]: Preload file at: file:///home/julee/.config/coc/extensions/coc-lua-data/lua-language-server/meta/Lua%205.4%20en-us%20utf8/math.lua , size = 8.542 KB
[12:27:42.192][info] [#0:script/workspace/loading.lua:112]: ++++As library of:	file:///home/julee/.config/coc/extensions/coc-lua-data/lua-language-server/meta/Lua%205.4%20en-us%20utf8/math.lua
[12:27:42.192][info] [#0:script/workspace/loading.lua:97]: Skip loaded file: file:///home/julee/.config/coc/extensions/coc-lua-data/lua-language-server/meta/Lua%205.4%20en-us%20utf8/math.lua
[12:27:42.192][info] [#0:script/workspace/loading.lua:100]: Preload file at: file:///home/julee/.config/coc/extensions/coc-lua-data/lua-language-server/meta/Lua%205.4%20en-us%20utf8/string.lua , size = 5.234 KB
[12:27:42.196][info] [#0:script/workspace/loading.lua:112]: ++++As library of:	file:///home/julee/.config/coc/extensions/coc-lua-data/lua-language-server/meta/Lua%205.4%20en-us%20utf8/string.lua
[12:27:42.196][info] [#0:script/workspace/loading.lua:97]: Skip loaded file: file:///home/julee/.config/coc/extensions/coc-lua-data/lua-language-server/meta/Lua%205.4%20en-us%20utf8/string.lua
[12:27:42.196][info] [#0:script/workspace/loading.lua:100]: Preload file at: file:///home/julee/.config/coc/extensions/coc-lua-data/lua-language-server/meta/Lua%205.4%20en-us%20utf8/basic.lua , size = 15.841 KB
[12:27:42.206][info] [#0:script/workspace/loading.lua:112]: ++++As library of:	file:///home/julee/.config/coc/extensions/coc-lua-data/lua-language-server/meta/Lua%205.4%20en-us%20utf8/basic.lua
[12:27:42.206][info] [#0:script/workspace/loading.lua:97]: Skip loaded file: file:///home/julee/.config/coc/extensions/coc-lua-data/lua-language-server/meta/Lua%205.4%20en-us%20utf8/basic.lua
[12:27:42.206][info] [#0:script/workspace/loading.lua:100]: Preload file at: file:///home/julee/.config/coc/extensions/coc-lua-data/lua-language-server/meta/Lua%205.4%20en-us%20utf8/utf8.lua , size = 2.386 KB
[12:27:42.208][info] [#0:script/workspace/loading.lua:112]: ++++As library of:	file:///home/julee/.config/coc/extensions/coc-lua-data/lua-language-server/meta/Lua%205.4%20en-us%20utf8/utf8.lua
[12:27:42.208][info] [#0:script/workspace/loading.lua:97]: Skip loaded file: file:///home/julee/.config/coc/extensions/coc-lua-data/lua-language-server/meta/Lua%205.4%20en-us%20utf8/utf8.lua
[12:27:42.208][info] [#0:script/workspace/loading.lua:100]: Preload file at: file:///home/julee/.config/coc/extensions/coc-lua-data/lua-language-server/meta/Lua%205.4%20en-us%20utf8/table.lua , size = 4.445 KB
[12:27:42.210][info] [#0:script/workspace/loading.lua:112]: ++++As library of:	file:///home/julee/.config/coc/extensions/coc-lua-data/lua-language-server/meta/Lua%205.4%20en-us%20utf8/table.lua
[12:27:42.210][info] [#0:script/workspace/loading.lua:97]: Skip loaded file: file:///home/julee/.config/coc/extensions/coc-lua-data/lua-language-server/meta/Lua%205.4%20en-us%20utf8/table.lua
[12:27:42.210][info] [#0:script/workspace/loading.lua:100]: Preload file at: file:///home/julee/.config/nvim/lua/julee/init.lua , size = 0.043 KB
[12:27:42.211][info] [#0:script/workspace/loading.lua:100]: Preload file at: file:///home/julee/.config/nvim/lua/julee/set.lua , size = 0.545 KB
[12:27:42.211][info] [#0:script/workspace/loading.lua:100]: Preload file at: file:///home/julee/.config/nvim/lua/julee/remap.lua , size = 0.091 KB
[12:27:42.211][info] [#0:script/workspace/loading.lua:100]: Preload file at: file:///home/julee/.config/nvim/plugin/packer_compiled.lua , size = 6.588 KB
[12:27:42.215][info] [#0:script/workspace/loading.lua:100]: Preload file at: file:///home/julee/.config/nvim/after/plugin/telescope.lua , size = 0.321 KB
[12:27:42.215][info] [#0:script/workspace/loading.lua:100]: Preload file at: file:///home/julee/.config/nvim/after/plugin/undotree.lua , size = 0.056 KB
[12:27:42.215][info] [#0:script/workspace/loading.lua:100]: Preload file at: file:///home/julee/.config/nvim/after/plugin/fugitive.lua , size = 0.048 KB
[12:27:42.216][info] [#0:script/workspace/loading.lua:100]: Preload file at: file:///home/julee/.config/nvim/after/plugin/colors.lua , size = 0.212 KB
[12:27:42.216][info] [#0:script/workspace/loading.lua:100]: Preload file at: file:///home/julee/.config/nvim/after/plugin/harpoon.lua , size = 0.398 KB
[12:27:42.216][info] [#0:script/workspace/loading.lua:100]: Preload file at: file:///home/julee/.config/nvim/after/plugin/themes/darkgray.lua , size = 0.901 KB
[12:27:42.217][info] [#0:script/workspace/loading.lua:100]: Preload file at: file:///home/julee/.config/nvim/after/plugin/alpha.lua , size = 7.039 KB
[12:27:42.218][info] [#0:script/workspace/loading.lua:100]: Preload file at: file:///home/julee/.config/nvim/after/plugin/treesitter.lua , size = 0.918 KB
[12:27:42.219][info] [#0:script/workspace/loading.lua:100]: Preload file at: file:///home/julee/.config/nvim/after/plugin/coc-settings-2.lua , size = 0.814 KB
[12:27:42.220][info] [#0:script/workspace/loading.lua:100]: Preload file at: file:///home/julee/.config/nvim/after/plugin/coc-keymaps.lua , size = 0.529 KB
[12:27:42.220][info] [#0:script/workspace/loading.lua:100]: Preload file at: file:///home/julee/.config/nvim/after/plugin/lualine.lua , size = 0.748 KB
[12:27:42.221][info] [#0:script/workspace/loading.lua:100]: Preload file at: file:///home/julee/.config/nvim/archive_plugins/feline.lua , size = 2.104 KB
[12:27:42.222][info] [#0:script/workspace/loading.lua:100]: Preload file at: file:///home/julee/.config/nvim/archive_plugins/custom.lua , size = 1.074 KB
[12:27:42.223][info] [#0:script/workspace/loading.lua:100]: Preload file at: file:///home/julee/.config/nvim/init.lua , size = 0.018 KB
[12:27:42.223][info] [#0:script/workspace/loading.lua:172]: Loaded files takes [0.079] sec: file:///home/julee/.config/nvim
[12:27:42.223][info] [#0:script/workspace/loading.lua:181]: Compile files takes [0.000] sec: file:///home/julee/.config/nvim
[12:27:42.223][info] [#0:script/workspace/loading.lua:182]: Loaded finish:	file:///home/julee/.config/nvim
[12:27:42.223][info] [#0:script/workspace/workspace.lua:381]: Preload finish at:	file:///home/julee/.config/nvim
[12:27:42.328][info] [#0:script/workspace/loading.lua:172]: Loaded files takes [0.084] sec: <fallback>
[12:27:42.328][info] [#0:script/workspace/loading.lua:181]: Compile files takes [0.000] sec: <fallback>
[12:27:42.328][info] [#0:script/workspace/loading.lua:182]: Loaded finish:	<fallback>
[12:27:42.328][info] [#0:script/workspace/workspace.lua:381]: Preload finish at:	<fallback>
[12:27:43.299][info] [#0:script/provider/diagnostic.lua:560]: Diagnostics scope [file:///home/julee/.config/nvim], files count:[30]
[12:27:43.637][info] [#0:script/provider/diagnostic.lua:577]: Diagnostics scope [file:///home/julee/.config/nvim] finished, takes [0.167] sec.
